usage: Unified LatentCOMP trainer [-h] [--model_name MODEL_NAME] --data_file
                                  DATA_FILE --train_method
                                  {lcomp,lopa,combined} [--epochs EPOCHS]
                                  [--batch_size BATCH_SIZE] [--lr LR]
                                  [--seed SEED]
                                  [--prefill_layers PREFILL_LAYERS]
                                  [--special_tokens SPECIAL_TOKENS]
                                  [--num_specials NUM_SPECIALS]
                                  [--special_add_to {none,user,assistant}]
                                  [--max_doc_tokens MAX_DOC_TOKENS]
                                  [--explode] [--no_explode]
                                  [--group_by_question]
                                  [--no_group_by_question]
                                  [--include_query INCLUDE_QUERY]
                                  [--include_specials INCLUDE_SPECIALS]
                                  [--use_lora] [--also_cut_gen]
                                  [--dist_mode {ddp,fsdp,deepspeed}]
                                  [--zero_stage ZERO_STAGE]
                                  [--dtype {auto,bf16,fp16,fp32}] [--no_tf32]
                                  [--sdpa_math_only]
                                  [--warmup_steps WARMUP_STEPS]
                                  [--warmup_ratio WARMUP_RATIO]
                                  [--grad_clip GRAD_CLIP]
                                  [--wandb_project WANDB_PROJECT]
                                  [--push_to_hub] [--private_repo]
                                  [--hf_repo_org HF_REPO_ORG]
                                  [--cache_dir_model CACHE_DIR_MODEL]
                                  [--cache_dir_tokenizer CACHE_DIR_TOKENIZER]
                                  [--out_root OUT_ROOT]
Unified LatentCOMP trainer: error: unrecognized arguments: --wandb_run_name LoPA_Llama3.1_8B_8_Lowers_user_10Specials --save_best_dir /workspace/LatentCOMP_cleaned/outputs/LoPA_Llama3.1_8B_8_Lowers_user_10Specials/best --hf_repo_id jeongseokoh/LoPA_Llama3.1_8B_8_Lowers_user_10Specials
